{"$message_type":"diagnostic","message":"missing lifetime specifier","code":{"code":"E0106","explanation":"This error indicates that a lifetime is missing from a type. If it is an error\ninside a function signature, the problem may be with failing to adhere to the\nlifetime elision rules (see below).\n\nErroneous code examples:\n\n```compile_fail,E0106\nstruct Foo1 { x: &bool }\n              // ^ expected lifetime parameter\nstruct Foo2<'a> { x: &'a bool } // correct\n\nstruct Bar1 { x: Foo2 }\n              // ^^^^ expected lifetime parameter\nstruct Bar2<'a> { x: Foo2<'a> } // correct\n\nenum Baz1 { A(u8), B(&bool), }\n                  // ^ expected lifetime parameter\nenum Baz2<'a> { A(u8), B(&'a bool), } // correct\n\ntype MyStr1 = &str;\n           // ^ expected lifetime parameter\ntype MyStr2<'a> = &'a str; // correct\n```\n\nLifetime elision is a special, limited kind of inference for lifetimes in\nfunction signatures which allows you to leave out lifetimes in certain cases.\nFor more background on lifetime elision see [the book][book-le].\n\nThe lifetime elision rules require that any function signature with an elided\noutput lifetime must either have:\n\n - exactly one input lifetime\n - or, multiple input lifetimes, but the function must also be a method with a\n   `&self` or `&mut self` receiver\n\nIn the first case, the output lifetime is inferred to be the same as the unique\ninput lifetime. In the second case, the lifetime is instead inferred to be the\nsame as the lifetime on `&self` or `&mut self`.\n\nHere are some examples of elision errors:\n\n```compile_fail,E0106\n// error, no input lifetimes\nfn foo() -> &str { }\n\n// error, `x` and `y` have distinct lifetimes inferred\nfn bar(x: &str, y: &str) -> &str { }\n\n// error, `y`'s lifetime is inferred to be distinct from `x`'s\nfn baz<'a>(x: &'a str, y: &str) -> &str { }\n```\n\n[book-le]: https://doc.rust-lang.org/book/ch10-03-lifetime-syntax.html#lifetime-elision\n"},"level":"error","spans":[{"file_name":"crates/datacave-lsm/src/engine.rs","byte_start":5388,"byte_end":5389,"line_start":172,"line_end":172,"column_start":76,"column_end":77,"is_primary":true,"text":[{"text":"fn mem_get_latest(mem: &MemTable, key: &[u8], snapshot: Version) -> Option<&Vec<u8>> {","highlight_start":76,"highlight_end":77}],"label":"expected named lifetime parameter","suggested_replacement":null,"suggestion_applicability":null,"expansion":null},{"file_name":"crates/datacave-lsm/src/engine.rs","byte_start":5336,"byte_end":5345,"line_start":172,"line_end":172,"column_start":24,"column_end":33,"is_primary":false,"text":[{"text":"fn mem_get_latest(mem: &MemTable, key: &[u8], snapshot: Version) -> Option<&Vec<u8>> {","highlight_start":24,"highlight_end":33}],"label":"","suggested_replacement":null,"suggestion_applicability":null,"expansion":null},{"file_name":"crates/datacave-lsm/src/engine.rs","byte_start":5352,"byte_end":5357,"line_start":172,"line_end":172,"column_start":40,"column_end":45,"is_primary":false,"text":[{"text":"fn mem_get_latest(mem: &MemTable, key: &[u8], snapshot: Version) -> Option<&Vec<u8>> {","highlight_start":40,"highlight_end":45}],"label":"","suggested_replacement":null,"suggestion_applicability":null,"expansion":null}],"children":[{"message":"this function's return type contains a borrowed value, but the signature does not say whether it is borrowed from `mem` or `key`","code":null,"level":"help","spans":[],"children":[],"rendered":null},{"message":"consider introducing a named lifetime parameter","code":null,"level":"help","spans":[{"file_name":"crates/datacave-lsm/src/engine.rs","byte_start":5330,"byte_end":5330,"line_start":172,"line_end":172,"column_start":18,"column_end":18,"is_primary":true,"text":[{"text":"fn mem_get_latest(mem: &MemTable, key: &[u8], snapshot: Version) -> Option<&Vec<u8>> {","highlight_start":18,"highlight_end":18}],"label":null,"suggested_replacement":"<'a>","suggestion_applicability":"MaybeIncorrect","expansion":null},{"file_name":"crates/datacave-lsm/src/engine.rs","byte_start":5389,"byte_end":5389,"line_start":172,"line_end":172,"column_start":77,"column_end":77,"is_primary":true,"text":[{"text":"fn mem_get_latest(mem: &MemTable, key: &[u8], snapshot: Version) -> Option<&Vec<u8>> {","highlight_start":77,"highlight_end":77}],"label":null,"suggested_replacement":"'a ","suggestion_applicability":"MaybeIncorrect","expansion":null},{"file_name":"crates/datacave-lsm/src/engine.rs","byte_start":5337,"byte_end":5337,"line_start":172,"line_end":172,"column_start":25,"column_end":25,"is_primary":true,"text":[{"text":"fn mem_get_latest(mem: &MemTable, key: &[u8], snapshot: Version) -> Option<&Vec<u8>> {","highlight_start":25,"highlight_end":25}],"label":null,"suggested_replacement":"'a ","suggestion_applicability":"MaybeIncorrect","expansion":null},{"file_name":"crates/datacave-lsm/src/engine.rs","byte_start":5353,"byte_end":5353,"line_start":172,"line_end":172,"column_start":41,"column_end":41,"is_primary":true,"text":[{"text":"fn mem_get_latest(mem: &MemTable, key: &[u8], snapshot: Version) -> Option<&Vec<u8>> {","highlight_start":41,"highlight_end":41}],"label":null,"suggested_replacement":"'a ","suggestion_applicability":"MaybeIncorrect","expansion":null}],"children":[],"rendered":null}],"rendered":"\u001b[1m\u001b[91merror[E0106]\u001b[0m\u001b[1m: missing lifetime specifier\u001b[0m\n   \u001b[1m\u001b[94m--> \u001b[0mcrates/datacave-lsm/src/engine.rs:172:76\n    \u001b[1m\u001b[94m|\u001b[0m\n\u001b[1m\u001b[94m172\u001b[0m \u001b[1m\u001b[94m|\u001b[0m fn mem_get_latest(mem: &MemTable, key: &[u8], snapshot: Version) -> Option<&Vec<u8>> {\n    \u001b[1m\u001b[94m|\u001b[0m                        \u001b[1m\u001b[94m---------\u001b[0m       \u001b[1m\u001b[94m-----\u001b[0m                               \u001b[1m\u001b[91m^\u001b[0m \u001b[1m\u001b[91mexpected named lifetime parameter\u001b[0m\n    \u001b[1m\u001b[94m|\u001b[0m\n    \u001b[1m\u001b[94m= \u001b[0m\u001b[1mhelp\u001b[0m: this function's return type contains a borrowed value, but the signature does not say whether it is borrowed from `mem` or `key`\n\u001b[1m\u001b[96mhelp\u001b[0m: consider introducing a named lifetime parameter\n    \u001b[1m\u001b[94m|\u001b[0m\n\u001b[1m\u001b[94m172\u001b[0m \u001b[1m\u001b[94m| \u001b[0mfn mem_get_latest\u001b[92m<'a>\u001b[0m(mem: &\u001b[92m'a \u001b[0mMemTable, key: &\u001b[92m'a \u001b[0m[u8], snapshot: Version) -> Option<&\u001b[92m'a \u001b[0mVec<u8>> {\n    \u001b[1m\u001b[94m|\u001b[0m                  \u001b[92m++++\u001b[0m       \u001b[92m++\u001b[0m                 \u001b[92m++\u001b[0m                                     \u001b[92m++\u001b[0m\n\n"}
{"$message_type":"diagnostic","message":"`AesGcm<Aes256, UInt<UInt<UInt<UInt<UTerm, B1>, B1>, B0>, B0>>` doesn't implement `std::fmt::Debug`","code":{"code":"E0277","explanation":"You tried to use a type which doesn't implement some trait in a place which\nexpected that trait.\n\nErroneous code example:\n\n```compile_fail,E0277\n// here we declare the Foo trait with a bar method\ntrait Foo {\n    fn bar(&self);\n}\n\n// we now declare a function which takes an object implementing the Foo trait\nfn some_func<T: Foo>(foo: T) {\n    foo.bar();\n}\n\nfn main() {\n    // we now call the method with the i32 type, which doesn't implement\n    // the Foo trait\n    some_func(5i32); // error: the trait bound `i32 : Foo` is not satisfied\n}\n```\n\nIn order to fix this error, verify that the type you're using does implement\nthe trait. Example:\n\n```\ntrait Foo {\n    fn bar(&self);\n}\n\n// we implement the trait on the i32 type\nimpl Foo for i32 {\n    fn bar(&self) {}\n}\n\nfn some_func<T: Foo>(foo: T) {\n    foo.bar(); // we can now use this method since i32 implements the\n               // Foo trait\n}\n\nfn main() {\n    some_func(5i32); // ok!\n}\n```\n\nOr in a generic context, an erroneous code example would look like:\n\n```compile_fail,E0277\nfn some_func<T>(foo: T) {\n    println!(\"{:?}\", foo); // error: the trait `core::fmt::Debug` is not\n                           //        implemented for the type `T`\n}\n\nfn main() {\n    // We now call the method with the i32 type,\n    // which *does* implement the Debug trait.\n    some_func(5i32);\n}\n```\n\nNote that the error here is in the definition of the generic function. Although\nwe only call it with a parameter that does implement `Debug`, the compiler\nstill rejects the function. It must work with all possible input types. In\norder to make this example compile, we need to restrict the generic type we're\naccepting:\n\n```\nuse std::fmt;\n\n// Restrict the input type to types that implement Debug.\nfn some_func<T: fmt::Debug>(foo: T) {\n    println!(\"{:?}\", foo);\n}\n\nfn main() {\n    // Calling the method is still fine, as i32 implements Debug.\n    some_func(5i32);\n\n    // This would fail to compile now:\n    // struct WithoutDebug;\n    // some_func(WithoutDebug);\n}\n```\n\nRust only looks at the signature of the called function, as such it must\nalready specify all requirements that will be used for every type parameter.\n"},"level":"error","spans":[{"file_name":"crates/datacave-lsm/src/encryption.rs","byte_start":174,"byte_end":191,"line_start":8,"line_end":8,"column_start":5,"column_end":22,"is_primary":true,"text":[{"text":"    cipher: Aes256Gcm,","highlight_start":5,"highlight_end":22}],"label":"the trait `std::fmt::Debug` is not implemented for `AesGcm<Aes256, UInt<UInt<UInt<UInt<UTerm, B1>, B1>, B0>, B0>>`","suggested_replacement":null,"suggestion_applicability":null,"expansion":{"span":{"file_name":"crates/datacave-lsm/src/encryption.rs","byte_start":128,"byte_end":133,"line_start":6,"line_end":6,"column_start":10,"column_end":15,"is_primary":false,"text":[{"text":"#[derive(Debug, Clone)]","highlight_start":10,"highlight_end":15}],"label":null,"suggested_replacement":null,"suggestion_applicability":null,"expansion":null},"macro_decl_name":"#[derive(Debug)]","def_site_span":{"file_name":"/Users/0ni/.rustup/toolchains/stable-aarch64-apple-darwin/lib/rustlib/src/rust/library/core/src/fmt/mod.rs","byte_start":34336,"byte_end":34351,"line_start":913,"line_end":913,"column_start":5,"column_end":20,"is_primary":false,"text":[{"text":"    pub macro Debug($item:item) {","highlight_start":5,"highlight_end":20}],"label":null,"suggested_replacement":null,"suggestion_applicability":null,"expansion":null}}}],"children":[],"rendered":"\u001b[1m\u001b[91merror[E0277]\u001b[0m\u001b[1m: `AesGcm<Aes256, UInt<UInt<UInt<UInt<UTerm, B1>, B1>, B0>, B0>>` doesn't implement `std::fmt::Debug`\u001b[0m\n \u001b[1m\u001b[94m--> \u001b[0mcrates/datacave-lsm/src/encryption.rs:8:5\n  \u001b[1m\u001b[94m|\u001b[0m\n\u001b[1m\u001b[94m6\u001b[0m \u001b[1m\u001b[94m|\u001b[0m #[derive(Debug, Clone)]\n  \u001b[1m\u001b[94m|\u001b[0m          \u001b[1m\u001b[94m-----\u001b[0m \u001b[1m\u001b[94min this derive macro expansion\u001b[0m\n\u001b[1m\u001b[94m7\u001b[0m \u001b[1m\u001b[94m|\u001b[0m pub struct DataEncryptor {\n\u001b[1m\u001b[94m8\u001b[0m \u001b[1m\u001b[94m|\u001b[0m     cipher: Aes256Gcm,\n  \u001b[1m\u001b[94m|\u001b[0m     \u001b[1m\u001b[91m^^^^^^^^^^^^^^^^^\u001b[0m \u001b[1m\u001b[91mthe trait `std::fmt::Debug` is not implemented for `AesGcm<Aes256, UInt<UInt<UInt<UInt<UTerm, B1>, B1>, B0>, B0>>`\u001b[0m\n\n"}
{"$message_type":"diagnostic","message":"`?` couldn't convert the error: `InvalidLength: std::error::Error` is not satisfied","code":{"code":"E0277","explanation":"You tried to use a type which doesn't implement some trait in a place which\nexpected that trait.\n\nErroneous code example:\n\n```compile_fail,E0277\n// here we declare the Foo trait with a bar method\ntrait Foo {\n    fn bar(&self);\n}\n\n// we now declare a function which takes an object implementing the Foo trait\nfn some_func<T: Foo>(foo: T) {\n    foo.bar();\n}\n\nfn main() {\n    // we now call the method with the i32 type, which doesn't implement\n    // the Foo trait\n    some_func(5i32); // error: the trait bound `i32 : Foo` is not satisfied\n}\n```\n\nIn order to fix this error, verify that the type you're using does implement\nthe trait. Example:\n\n```\ntrait Foo {\n    fn bar(&self);\n}\n\n// we implement the trait on the i32 type\nimpl Foo for i32 {\n    fn bar(&self) {}\n}\n\nfn some_func<T: Foo>(foo: T) {\n    foo.bar(); // we can now use this method since i32 implements the\n               // Foo trait\n}\n\nfn main() {\n    some_func(5i32); // ok!\n}\n```\n\nOr in a generic context, an erroneous code example would look like:\n\n```compile_fail,E0277\nfn some_func<T>(foo: T) {\n    println!(\"{:?}\", foo); // error: the trait `core::fmt::Debug` is not\n                           //        implemented for the type `T`\n}\n\nfn main() {\n    // We now call the method with the i32 type,\n    // which *does* implement the Debug trait.\n    some_func(5i32);\n}\n```\n\nNote that the error here is in the definition of the generic function. Although\nwe only call it with a parameter that does implement `Debug`, the compiler\nstill rejects the function. It must work with all possible input types. In\norder to make this example compile, we need to restrict the generic type we're\naccepting:\n\n```\nuse std::fmt;\n\n// Restrict the input type to types that implement Debug.\nfn some_func<T: fmt::Debug>(foo: T) {\n    println!(\"{:?}\", foo);\n}\n\nfn main() {\n    // Calling the method is still fine, as i32 implements Debug.\n    some_func(5i32);\n\n    // This would fail to compile now:\n    // struct WithoutDebug;\n    // some_func(WithoutDebug);\n}\n```\n\nRust only looks at the signature of the called function, as such it must\nalready specify all requirements that will be used for every type parameter.\n"},"level":"error","spans":[{"file_name":"crates/datacave-lsm/src/encryption.rs","byte_start":402,"byte_end":438,"line_start":16,"line_end":16,"column_start":22,"column_end":58,"is_primary":false,"text":[{"text":"        let cipher = Aes256Gcm::new_from_slice(key_bytes)?;","highlight_start":22,"highlight_end":58}],"label":"this has type `Result<_, InvalidLength>`","suggested_replacement":null,"suggestion_applicability":null,"expansion":null},{"file_name":"crates/datacave-lsm/src/encryption.rs","byte_start":438,"byte_end":439,"line_start":16,"line_end":16,"column_start":58,"column_end":59,"is_primary":true,"text":[{"text":"        let cipher = Aes256Gcm::new_from_slice(key_bytes)?;","highlight_start":58,"highlight_end":59}],"label":"the trait `std::error::Error` is not implemented for `InvalidLength`","suggested_replacement":null,"suggestion_applicability":null,"expansion":{"span":{"file_name":"crates/datacave-lsm/src/encryption.rs","byte_start":438,"byte_end":439,"line_start":16,"line_end":16,"column_start":58,"column_end":59,"is_primary":false,"text":[{"text":"        let cipher = Aes256Gcm::new_from_slice(key_bytes)?;","highlight_start":58,"highlight_end":59}],"label":null,"suggested_replacement":null,"suggestion_applicability":null,"expansion":null},"macro_decl_name":"desugaring of operator `?`","def_site_span":{"file_name":"crates/datacave-lsm/src/lib.rs","byte_start":0,"byte_end":0,"line_start":1,"line_end":1,"column_start":1,"column_end":1,"is_primary":false,"text":[],"label":null,"suggested_replacement":null,"suggestion_applicability":null,"expansion":null}}}],"children":[{"message":"the question mark operation (`?`) implicitly performs a conversion on the error value using the `From` trait","code":null,"level":"note","spans":[],"children":[],"rendered":null},{"message":"required for `anyhow::Error` to implement `From<InvalidLength>`","code":null,"level":"note","spans":[],"children":[],"rendered":null}],"rendered":"\u001b[1m\u001b[91merror[E0277]\u001b[0m\u001b[1m: `?` couldn't convert the error: `InvalidLength: std::error::Error` is not satisfied\u001b[0m\n  \u001b[1m\u001b[94m--> \u001b[0mcrates/datacave-lsm/src/encryption.rs:16:58\n   \u001b[1m\u001b[94m|\u001b[0m\n\u001b[1m\u001b[94m16\u001b[0m \u001b[1m\u001b[94m|\u001b[0m         let cipher = Aes256Gcm::new_from_slice(key_bytes)?;\n   \u001b[1m\u001b[94m|\u001b[0m                      \u001b[1m\u001b[94m------------------------------------\u001b[0m\u001b[1m\u001b[91m^\u001b[0m \u001b[1m\u001b[91mthe trait `std::error::Error` is not implemented for `InvalidLength`\u001b[0m\n   \u001b[1m\u001b[94m|\u001b[0m                      \u001b[1m\u001b[94m|\u001b[0m\n   \u001b[1m\u001b[94m|\u001b[0m                      \u001b[1m\u001b[94mthis has type `Result<_, InvalidLength>`\u001b[0m\n   \u001b[1m\u001b[94m|\u001b[0m\n   \u001b[1m\u001b[94m= \u001b[0m\u001b[1mnote\u001b[0m: the question mark operation (`?`) implicitly performs a conversion on the error value using the `From` trait\n   \u001b[1m\u001b[94m= \u001b[0m\u001b[1mnote\u001b[0m: required for `anyhow::Error` to implement `From<InvalidLength>`\n\n"}
{"$message_type":"diagnostic","message":"`?` couldn't convert the error: `aes_gcm::Error: std::error::Error` is not satisfied","code":{"code":"E0277","explanation":"You tried to use a type which doesn't implement some trait in a place which\nexpected that trait.\n\nErroneous code example:\n\n```compile_fail,E0277\n// here we declare the Foo trait with a bar method\ntrait Foo {\n    fn bar(&self);\n}\n\n// we now declare a function which takes an object implementing the Foo trait\nfn some_func<T: Foo>(foo: T) {\n    foo.bar();\n}\n\nfn main() {\n    // we now call the method with the i32 type, which doesn't implement\n    // the Foo trait\n    some_func(5i32); // error: the trait bound `i32 : Foo` is not satisfied\n}\n```\n\nIn order to fix this error, verify that the type you're using does implement\nthe trait. Example:\n\n```\ntrait Foo {\n    fn bar(&self);\n}\n\n// we implement the trait on the i32 type\nimpl Foo for i32 {\n    fn bar(&self) {}\n}\n\nfn some_func<T: Foo>(foo: T) {\n    foo.bar(); // we can now use this method since i32 implements the\n               // Foo trait\n}\n\nfn main() {\n    some_func(5i32); // ok!\n}\n```\n\nOr in a generic context, an erroneous code example would look like:\n\n```compile_fail,E0277\nfn some_func<T>(foo: T) {\n    println!(\"{:?}\", foo); // error: the trait `core::fmt::Debug` is not\n                           //        implemented for the type `T`\n}\n\nfn main() {\n    // We now call the method with the i32 type,\n    // which *does* implement the Debug trait.\n    some_func(5i32);\n}\n```\n\nNote that the error here is in the definition of the generic function. Although\nwe only call it with a parameter that does implement `Debug`, the compiler\nstill rejects the function. It must work with all possible input types. In\norder to make this example compile, we need to restrict the generic type we're\naccepting:\n\n```\nuse std::fmt;\n\n// Restrict the input type to types that implement Debug.\nfn some_func<T: fmt::Debug>(foo: T) {\n    println!(\"{:?}\", foo);\n}\n\nfn main() {\n    // Calling the method is still fine, as i32 implements Debug.\n    some_func(5i32);\n\n    // This would fail to compile now:\n    // struct WithoutDebug;\n    // some_func(WithoutDebug);\n}\n```\n\nRust only looks at the signature of the called function, as such it must\nalready specify all requirements that will be used for every type parameter.\n"},"level":"error","spans":[{"file_name":"crates/datacave-lsm/src/encryption.rs","byte_start":729,"byte_end":754,"line_start":24,"line_end":24,"column_start":38,"column_end":63,"is_primary":false,"text":[{"text":"        let ciphertext = self.cipher.encrypt(nonce, plaintext)?;","highlight_start":38,"highlight_end":63}],"label":"this has type `Result<_, aes_gcm::Error>`","suggested_replacement":null,"suggestion_applicability":null,"expansion":null},{"file_name":"crates/datacave-lsm/src/encryption.rs","byte_start":754,"byte_end":755,"line_start":24,"line_end":24,"column_start":63,"column_end":64,"is_primary":true,"text":[{"text":"        let ciphertext = self.cipher.encrypt(nonce, plaintext)?;","highlight_start":63,"highlight_end":64}],"label":"the trait `std::error::Error` is not implemented for `aes_gcm::Error`","suggested_replacement":null,"suggestion_applicability":null,"expansion":{"span":{"file_name":"crates/datacave-lsm/src/encryption.rs","byte_start":754,"byte_end":755,"line_start":24,"line_end":24,"column_start":63,"column_end":64,"is_primary":false,"text":[{"text":"        let ciphertext = self.cipher.encrypt(nonce, plaintext)?;","highlight_start":63,"highlight_end":64}],"label":null,"suggested_replacement":null,"suggestion_applicability":null,"expansion":null},"macro_decl_name":"desugaring of operator `?`","def_site_span":{"file_name":"crates/datacave-lsm/src/lib.rs","byte_start":0,"byte_end":0,"line_start":1,"line_end":1,"column_start":1,"column_end":1,"is_primary":false,"text":[],"label":null,"suggested_replacement":null,"suggestion_applicability":null,"expansion":null}}}],"children":[{"message":"the question mark operation (`?`) implicitly performs a conversion on the error value using the `From` trait","code":null,"level":"note","spans":[],"children":[],"rendered":null},{"message":"required for `anyhow::Error` to implement `From<aes_gcm::Error>`","code":null,"level":"note","spans":[],"children":[],"rendered":null}],"rendered":"\u001b[1m\u001b[91merror[E0277]\u001b[0m\u001b[1m: `?` couldn't convert the error: `aes_gcm::Error: std::error::Error` is not satisfied\u001b[0m\n  \u001b[1m\u001b[94m--> \u001b[0mcrates/datacave-lsm/src/encryption.rs:24:63\n   \u001b[1m\u001b[94m|\u001b[0m\n\u001b[1m\u001b[94m24\u001b[0m \u001b[1m\u001b[94m|\u001b[0m         let ciphertext = self.cipher.encrypt(nonce, plaintext)?;\n   \u001b[1m\u001b[94m|\u001b[0m                                      \u001b[1m\u001b[94m-------------------------\u001b[0m\u001b[1m\u001b[91m^\u001b[0m \u001b[1m\u001b[91mthe trait `std::error::Error` is not implemented for `aes_gcm::Error`\u001b[0m\n   \u001b[1m\u001b[94m|\u001b[0m                                      \u001b[1m\u001b[94m|\u001b[0m\n   \u001b[1m\u001b[94m|\u001b[0m                                      \u001b[1m\u001b[94mthis has type `Result<_, aes_gcm::Error>`\u001b[0m\n   \u001b[1m\u001b[94m|\u001b[0m\n   \u001b[1m\u001b[94m= \u001b[0m\u001b[1mnote\u001b[0m: the question mark operation (`?`) implicitly performs a conversion on the error value using the `From` trait\n   \u001b[1m\u001b[94m= \u001b[0m\u001b[1mnote\u001b[0m: required for `anyhow::Error` to implement `From<aes_gcm::Error>`\n\n"}
{"$message_type":"diagnostic","message":"`?` couldn't convert the error: `aes_gcm::Error: std::error::Error` is not satisfied","code":{"code":"E0277","explanation":"You tried to use a type which doesn't implement some trait in a place which\nexpected that trait.\n\nErroneous code example:\n\n```compile_fail,E0277\n// here we declare the Foo trait with a bar method\ntrait Foo {\n    fn bar(&self);\n}\n\n// we now declare a function which takes an object implementing the Foo trait\nfn some_func<T: Foo>(foo: T) {\n    foo.bar();\n}\n\nfn main() {\n    // we now call the method with the i32 type, which doesn't implement\n    // the Foo trait\n    some_func(5i32); // error: the trait bound `i32 : Foo` is not satisfied\n}\n```\n\nIn order to fix this error, verify that the type you're using does implement\nthe trait. Example:\n\n```\ntrait Foo {\n    fn bar(&self);\n}\n\n// we implement the trait on the i32 type\nimpl Foo for i32 {\n    fn bar(&self) {}\n}\n\nfn some_func<T: Foo>(foo: T) {\n    foo.bar(); // we can now use this method since i32 implements the\n               // Foo trait\n}\n\nfn main() {\n    some_func(5i32); // ok!\n}\n```\n\nOr in a generic context, an erroneous code example would look like:\n\n```compile_fail,E0277\nfn some_func<T>(foo: T) {\n    println!(\"{:?}\", foo); // error: the trait `core::fmt::Debug` is not\n                           //        implemented for the type `T`\n}\n\nfn main() {\n    // We now call the method with the i32 type,\n    // which *does* implement the Debug trait.\n    some_func(5i32);\n}\n```\n\nNote that the error here is in the definition of the generic function. Although\nwe only call it with a parameter that does implement `Debug`, the compiler\nstill rejects the function. It must work with all possible input types. In\norder to make this example compile, we need to restrict the generic type we're\naccepting:\n\n```\nuse std::fmt;\n\n// Restrict the input type to types that implement Debug.\nfn some_func<T: fmt::Debug>(foo: T) {\n    println!(\"{:?}\", foo);\n}\n\nfn main() {\n    // Calling the method is still fine, as i32 implements Debug.\n    some_func(5i32);\n\n    // This would fail to compile now:\n    // struct WithoutDebug;\n    // some_func(WithoutDebug);\n}\n```\n\nRust only looks at the signature of the called function, as such it must\nalready specify all requirements that will be used for every type parameter.\n"},"level":"error","spans":[{"file_name":"crates/datacave-lsm/src/encryption.rs","byte_start":1244,"byte_end":1270,"line_start":37,"line_end":37,"column_start":37,"column_end":63,"is_primary":false,"text":[{"text":"        let plaintext = self.cipher.decrypt(nonce, ciphertext)?;","highlight_start":37,"highlight_end":63}],"label":"this has type `Result<_, aes_gcm::Error>`","suggested_replacement":null,"suggestion_applicability":null,"expansion":null},{"file_name":"crates/datacave-lsm/src/encryption.rs","byte_start":1270,"byte_end":1271,"line_start":37,"line_end":37,"column_start":63,"column_end":64,"is_primary":true,"text":[{"text":"        let plaintext = self.cipher.decrypt(nonce, ciphertext)?;","highlight_start":63,"highlight_end":64}],"label":"the trait `std::error::Error` is not implemented for `aes_gcm::Error`","suggested_replacement":null,"suggestion_applicability":null,"expansion":{"span":{"file_name":"crates/datacave-lsm/src/encryption.rs","byte_start":1270,"byte_end":1271,"line_start":37,"line_end":37,"column_start":63,"column_end":64,"is_primary":false,"text":[{"text":"        let plaintext = self.cipher.decrypt(nonce, ciphertext)?;","highlight_start":63,"highlight_end":64}],"label":null,"suggested_replacement":null,"suggestion_applicability":null,"expansion":null},"macro_decl_name":"desugaring of operator `?`","def_site_span":{"file_name":"crates/datacave-lsm/src/lib.rs","byte_start":0,"byte_end":0,"line_start":1,"line_end":1,"column_start":1,"column_end":1,"is_primary":false,"text":[],"label":null,"suggested_replacement":null,"suggestion_applicability":null,"expansion":null}}}],"children":[{"message":"the question mark operation (`?`) implicitly performs a conversion on the error value using the `From` trait","code":null,"level":"note","spans":[],"children":[],"rendered":null},{"message":"required for `anyhow::Error` to implement `From<aes_gcm::Error>`","code":null,"level":"note","spans":[],"children":[],"rendered":null}],"rendered":"\u001b[1m\u001b[91merror[E0277]\u001b[0m\u001b[1m: `?` couldn't convert the error: `aes_gcm::Error: std::error::Error` is not satisfied\u001b[0m\n  \u001b[1m\u001b[94m--> \u001b[0mcrates/datacave-lsm/src/encryption.rs:37:63\n   \u001b[1m\u001b[94m|\u001b[0m\n\u001b[1m\u001b[94m37\u001b[0m \u001b[1m\u001b[94m|\u001b[0m         let plaintext = self.cipher.decrypt(nonce, ciphertext)?;\n   \u001b[1m\u001b[94m|\u001b[0m                                     \u001b[1m\u001b[94m--------------------------\u001b[0m\u001b[1m\u001b[91m^\u001b[0m \u001b[1m\u001b[91mthe trait `std::error::Error` is not implemented for `aes_gcm::Error`\u001b[0m\n   \u001b[1m\u001b[94m|\u001b[0m                                     \u001b[1m\u001b[94m|\u001b[0m\n   \u001b[1m\u001b[94m|\u001b[0m                                     \u001b[1m\u001b[94mthis has type `Result<_, aes_gcm::Error>`\u001b[0m\n   \u001b[1m\u001b[94m|\u001b[0m\n   \u001b[1m\u001b[94m= \u001b[0m\u001b[1mnote\u001b[0m: the question mark operation (`?`) implicitly performs a conversion on the error value using the `From` trait\n   \u001b[1m\u001b[94m= \u001b[0m\u001b[1mnote\u001b[0m: required for `anyhow::Error` to implement `From<aes_gcm::Error>`\n\n"}
{"$message_type":"diagnostic","message":"no function or associated item named `new` found for type `u64` in the current scope","code":{"code":"E0599","explanation":"This error occurs when a method is used on a type which doesn't implement it:\n\nErroneous code example:\n\n```compile_fail,E0599\nstruct Mouth;\n\nlet x = Mouth;\nx.chocolate(); // error: no method named `chocolate` found for type `Mouth`\n               //        in the current scope\n```\n\nIn this case, you need to implement the `chocolate` method to fix the error:\n\n```\nstruct Mouth;\n\nimpl Mouth {\n    fn chocolate(&self) { // We implement the `chocolate` method here.\n        println!(\"Hmmm! I love chocolate!\");\n    }\n}\n\nlet x = Mouth;\nx.chocolate(); // ok!\n```\n"},"level":"error","spans":[{"file_name":"crates/datacave-lsm/src/tests.rs","byte_start":814,"byte_end":817,"line_start":22,"line_end":22,"column_start":41,"column_end":44,"is_primary":true,"text":[{"text":"        engine.put(key, value, Version::new(1)).await.expect(\"put\");","highlight_start":41,"highlight_end":44}],"label":"function or associated item not found in `u64`","suggested_replacement":null,"suggestion_applicability":null,"expansion":null}],"children":[{"message":"there is a method `ne` with a similar name","code":null,"level":"help","spans":[{"file_name":"crates/datacave-lsm/src/tests.rs","byte_start":814,"byte_end":817,"line_start":22,"line_end":22,"column_start":41,"column_end":44,"is_primary":true,"text":[{"text":"        engine.put(key, value, Version::new(1)).await.expect(\"put\");","highlight_start":41,"highlight_end":44}],"label":null,"suggested_replacement":"ne","suggestion_applicability":"MaybeIncorrect","expansion":null}],"children":[],"rendered":null}],"rendered":"\u001b[1m\u001b[91merror[E0599]\u001b[0m\u001b[1m: no function or associated item named `new` found for type `u64` in the current scope\u001b[0m\n  \u001b[1m\u001b[94m--> \u001b[0mcrates/datacave-lsm/src/tests.rs:22:41\n   \u001b[1m\u001b[94m|\u001b[0m\n\u001b[1m\u001b[94m22\u001b[0m \u001b[1m\u001b[94m|\u001b[0m         engine.put(key, value, Version::new(1)).await.expect(\"put\");\n   \u001b[1m\u001b[94m|\u001b[0m                                         \u001b[1m\u001b[91m^^^\u001b[0m \u001b[1m\u001b[91mfunction or associated item not found in `u64`\u001b[0m\n   \u001b[1m\u001b[94m|\u001b[0m\n\u001b[1m\u001b[96mhelp\u001b[0m: there is a method `ne` with a similar name\n   \u001b[1m\u001b[94m|\u001b[0m\n\u001b[1m\u001b[94m22\u001b[0m \u001b[91m- \u001b[0m        engine.put(key, value, Version::\u001b[91mnew\u001b[0m(1)).await.expect(\"put\");\n\u001b[1m\u001b[94m22\u001b[0m \u001b[92m+ \u001b[0m        engine.put(key, value, Version::\u001b[92mne\u001b[0m(1)).await.expect(\"put\");\n   \u001b[1m\u001b[94m|\u001b[0m\n\n"}
{"$message_type":"diagnostic","message":"no function or associated item named `new` found for type `u64` in the current scope","code":{"code":"E0599","explanation":"This error occurs when a method is used on a type which doesn't implement it:\n\nErroneous code example:\n\n```compile_fail,E0599\nstruct Mouth;\n\nlet x = Mouth;\nx.chocolate(); // error: no method named `chocolate` found for type `Mouth`\n               //        in the current scope\n```\n\nIn this case, you need to implement the `chocolate` method to fix the error:\n\n```\nstruct Mouth;\n\nimpl Mouth {\n    fn chocolate(&self) { // We implement the `chocolate` method here.\n        println!(\"Hmmm! I love chocolate!\");\n    }\n}\n\nlet x = Mouth;\nx.chocolate(); // ok!\n```\n"},"level":"error","spans":[{"file_name":"crates/datacave-lsm/src/tests.rs","byte_start":886,"byte_end":889,"line_start":23,"line_end":23,"column_start":44,"column_end":47,"is_primary":true,"text":[{"text":"        let got = engine.get(key, Version::new(1)).await.expect(\"get\");","highlight_start":44,"highlight_end":47}],"label":"function or associated item not found in `u64`","suggested_replacement":null,"suggestion_applicability":null,"expansion":null}],"children":[{"message":"there is a method `ne` with a similar name","code":null,"level":"help","spans":[{"file_name":"crates/datacave-lsm/src/tests.rs","byte_start":886,"byte_end":889,"line_start":23,"line_end":23,"column_start":44,"column_end":47,"is_primary":true,"text":[{"text":"        let got = engine.get(key, Version::new(1)).await.expect(\"get\");","highlight_start":44,"highlight_end":47}],"label":null,"suggested_replacement":"ne","suggestion_applicability":"MaybeIncorrect","expansion":null}],"children":[],"rendered":null}],"rendered":"\u001b[1m\u001b[91merror[E0599]\u001b[0m\u001b[1m: no function or associated item named `new` found for type `u64` in the current scope\u001b[0m\n  \u001b[1m\u001b[94m--> \u001b[0mcrates/datacave-lsm/src/tests.rs:23:44\n   \u001b[1m\u001b[94m|\u001b[0m\n\u001b[1m\u001b[94m23\u001b[0m \u001b[1m\u001b[94m|\u001b[0m         let got = engine.get(key, Version::new(1)).await.expect(\"get\");\n   \u001b[1m\u001b[94m|\u001b[0m                                            \u001b[1m\u001b[91m^^^\u001b[0m \u001b[1m\u001b[91mfunction or associated item not found in `u64`\u001b[0m\n   \u001b[1m\u001b[94m|\u001b[0m\n\u001b[1m\u001b[96mhelp\u001b[0m: there is a method `ne` with a similar name\n   \u001b[1m\u001b[94m|\u001b[0m\n\u001b[1m\u001b[94m23\u001b[0m \u001b[91m- \u001b[0m        let got = engine.get(key, Version::\u001b[91mnew\u001b[0m(1)).await.expect(\"get\");\n\u001b[1m\u001b[94m23\u001b[0m \u001b[92m+ \u001b[0m        let got = engine.get(key, Version::\u001b[92mne\u001b[0m(1)).await.expect(\"get\");\n   \u001b[1m\u001b[94m|\u001b[0m\n\n"}
{"$message_type":"diagnostic","message":"no function or associated item named `new` found for type `u64` in the current scope","code":{"code":"E0599","explanation":"This error occurs when a method is used on a type which doesn't implement it:\n\nErroneous code example:\n\n```compile_fail,E0599\nstruct Mouth;\n\nlet x = Mouth;\nx.chocolate(); // error: no method named `chocolate` found for type `Mouth`\n               //        in the current scope\n```\n\nIn this case, you need to implement the `chocolate` method to fix the error:\n\n```\nstruct Mouth;\n\nimpl Mouth {\n    fn chocolate(&self) { // We implement the `chocolate` method here.\n        println!(\"Hmmm! I love chocolate!\");\n    }\n}\n\nlet x = Mouth;\nx.chocolate(); // ok!\n```\n"},"level":"error","spans":[{"file_name":"crates/datacave-lsm/src/tests.rs","byte_start":1618,"byte_end":1621,"line_start":41,"line_end":41,"column_start":42,"column_end":45,"is_primary":true,"text":[{"text":"        engine.put(key, b\"bob\", Version::new(1)).await.expect(\"put\");","highlight_start":42,"highlight_end":45}],"label":"function or associated item not found in `u64`","suggested_replacement":null,"suggestion_applicability":null,"expansion":null}],"children":[{"message":"there is a method `ne` with a similar name","code":null,"level":"help","spans":[{"file_name":"crates/datacave-lsm/src/tests.rs","byte_start":1618,"byte_end":1621,"line_start":41,"line_end":41,"column_start":42,"column_end":45,"is_primary":true,"text":[{"text":"        engine.put(key, b\"bob\", Version::new(1)).await.expect(\"put\");","highlight_start":42,"highlight_end":45}],"label":null,"suggested_replacement":"ne","suggestion_applicability":"MaybeIncorrect","expansion":null}],"children":[],"rendered":null}],"rendered":"\u001b[1m\u001b[91merror[E0599]\u001b[0m\u001b[1m: no function or associated item named `new` found for type `u64` in the current scope\u001b[0m\n  \u001b[1m\u001b[94m--> \u001b[0mcrates/datacave-lsm/src/tests.rs:41:42\n   \u001b[1m\u001b[94m|\u001b[0m\n\u001b[1m\u001b[94m41\u001b[0m \u001b[1m\u001b[94m|\u001b[0m         engine.put(key, b\"bob\", Version::new(1)).await.expect(\"put\");\n   \u001b[1m\u001b[94m|\u001b[0m                                          \u001b[1m\u001b[91m^^^\u001b[0m \u001b[1m\u001b[91mfunction or associated item not found in `u64`\u001b[0m\n   \u001b[1m\u001b[94m|\u001b[0m\n\u001b[1m\u001b[96mhelp\u001b[0m: there is a method `ne` with a similar name\n   \u001b[1m\u001b[94m|\u001b[0m\n\u001b[1m\u001b[94m41\u001b[0m \u001b[91m- \u001b[0m        engine.put(key, b\"bob\", Version::\u001b[91mnew\u001b[0m(1)).await.expect(\"put\");\n\u001b[1m\u001b[94m41\u001b[0m \u001b[92m+ \u001b[0m        engine.put(key, b\"bob\", Version::\u001b[92mne\u001b[0m(1)).await.expect(\"put\");\n   \u001b[1m\u001b[94m|\u001b[0m\n\n"}
{"$message_type":"diagnostic","message":"no function or associated item named `new` found for type `u64` in the current scope","code":{"code":"E0599","explanation":"This error occurs when a method is used on a type which doesn't implement it:\n\nErroneous code example:\n\n```compile_fail,E0599\nstruct Mouth;\n\nlet x = Mouth;\nx.chocolate(); // error: no method named `chocolate` found for type `Mouth`\n               //        in the current scope\n```\n\nIn this case, you need to implement the `chocolate` method to fix the error:\n\n```\nstruct Mouth;\n\nimpl Mouth {\n    fn chocolate(&self) { // We implement the `chocolate` method here.\n        println!(\"Hmmm! I love chocolate!\");\n    }\n}\n\nlet x = Mouth;\nx.chocolate(); // ok!\n```\n"},"level":"error","spans":[{"file_name":"crates/datacave-lsm/src/tests.rs","byte_start":1683,"byte_end":1686,"line_start":42,"line_end":42,"column_start":37,"column_end":40,"is_primary":true,"text":[{"text":"        engine.delete(key, Version::new(2)).await.expect(\"delete\");","highlight_start":37,"highlight_end":40}],"label":"function or associated item not found in `u64`","suggested_replacement":null,"suggestion_applicability":null,"expansion":null}],"children":[{"message":"there is a method `ne` with a similar name","code":null,"level":"help","spans":[{"file_name":"crates/datacave-lsm/src/tests.rs","byte_start":1683,"byte_end":1686,"line_start":42,"line_end":42,"column_start":37,"column_end":40,"is_primary":true,"text":[{"text":"        engine.delete(key, Version::new(2)).await.expect(\"delete\");","highlight_start":37,"highlight_end":40}],"label":null,"suggested_replacement":"ne","suggestion_applicability":"MaybeIncorrect","expansion":null}],"children":[],"rendered":null}],"rendered":"\u001b[1m\u001b[91merror[E0599]\u001b[0m\u001b[1m: no function or associated item named `new` found for type `u64` in the current scope\u001b[0m\n  \u001b[1m\u001b[94m--> \u001b[0mcrates/datacave-lsm/src/tests.rs:42:37\n   \u001b[1m\u001b[94m|\u001b[0m\n\u001b[1m\u001b[94m42\u001b[0m \u001b[1m\u001b[94m|\u001b[0m         engine.delete(key, Version::new(2)).await.expect(\"delete\");\n   \u001b[1m\u001b[94m|\u001b[0m                                     \u001b[1m\u001b[91m^^^\u001b[0m \u001b[1m\u001b[91mfunction or associated item not found in `u64`\u001b[0m\n   \u001b[1m\u001b[94m|\u001b[0m\n\u001b[1m\u001b[96mhelp\u001b[0m: there is a method `ne` with a similar name\n   \u001b[1m\u001b[94m|\u001b[0m\n\u001b[1m\u001b[94m42\u001b[0m \u001b[91m- \u001b[0m        engine.delete(key, Version::\u001b[91mnew\u001b[0m(2)).await.expect(\"delete\");\n\u001b[1m\u001b[94m42\u001b[0m \u001b[92m+ \u001b[0m        engine.delete(key, Version::\u001b[92mne\u001b[0m(2)).await.expect(\"delete\");\n   \u001b[1m\u001b[94m|\u001b[0m\n\n"}
{"$message_type":"diagnostic","message":"no function or associated item named `new` found for type `u64` in the current scope","code":{"code":"E0599","explanation":"This error occurs when a method is used on a type which doesn't implement it:\n\nErroneous code example:\n\n```compile_fail,E0599\nstruct Mouth;\n\nlet x = Mouth;\nx.chocolate(); // error: no method named `chocolate` found for type `Mouth`\n               //        in the current scope\n```\n\nIn this case, you need to implement the `chocolate` method to fix the error:\n\n```\nstruct Mouth;\n\nimpl Mouth {\n    fn chocolate(&self) { // We implement the `chocolate` method here.\n        println!(\"Hmmm! I love chocolate!\");\n    }\n}\n\nlet x = Mouth;\nx.chocolate(); // ok!\n```\n"},"level":"error","spans":[{"file_name":"crates/datacave-lsm/src/tests.rs","byte_start":1758,"byte_end":1761,"line_start":43,"line_end":43,"column_start":44,"column_end":47,"is_primary":true,"text":[{"text":"        let got = engine.get(key, Version::new(2)).await.expect(\"get\");","highlight_start":44,"highlight_end":47}],"label":"function or associated item not found in `u64`","suggested_replacement":null,"suggestion_applicability":null,"expansion":null}],"children":[{"message":"there is a method `ne` with a similar name","code":null,"level":"help","spans":[{"file_name":"crates/datacave-lsm/src/tests.rs","byte_start":1758,"byte_end":1761,"line_start":43,"line_end":43,"column_start":44,"column_end":47,"is_primary":true,"text":[{"text":"        let got = engine.get(key, Version::new(2)).await.expect(\"get\");","highlight_start":44,"highlight_end":47}],"label":null,"suggested_replacement":"ne","suggestion_applicability":"MaybeIncorrect","expansion":null}],"children":[],"rendered":null}],"rendered":"\u001b[1m\u001b[91merror[E0599]\u001b[0m\u001b[1m: no function or associated item named `new` found for type `u64` in the current scope\u001b[0m\n  \u001b[1m\u001b[94m--> \u001b[0mcrates/datacave-lsm/src/tests.rs:43:44\n   \u001b[1m\u001b[94m|\u001b[0m\n\u001b[1m\u001b[94m43\u001b[0m \u001b[1m\u001b[94m|\u001b[0m         let got = engine.get(key, Version::new(2)).await.expect(\"get\");\n   \u001b[1m\u001b[94m|\u001b[0m                                            \u001b[1m\u001b[91m^^^\u001b[0m \u001b[1m\u001b[91mfunction or associated item not found in `u64`\u001b[0m\n   \u001b[1m\u001b[94m|\u001b[0m\n\u001b[1m\u001b[96mhelp\u001b[0m: there is a method `ne` with a similar name\n   \u001b[1m\u001b[94m|\u001b[0m\n\u001b[1m\u001b[94m43\u001b[0m \u001b[91m- \u001b[0m        let got = engine.get(key, Version::\u001b[91mnew\u001b[0m(2)).await.expect(\"get\");\n\u001b[1m\u001b[94m43\u001b[0m \u001b[92m+ \u001b[0m        let got = engine.get(key, Version::\u001b[92mne\u001b[0m(2)).await.expect(\"get\");\n   \u001b[1m\u001b[94m|\u001b[0m\n\n"}
{"$message_type":"diagnostic","message":"aborting due to 10 previous errors","code":null,"level":"error","spans":[],"children":[],"rendered":"\u001b[1m\u001b[91merror\u001b[0m\u001b[1m: aborting due to 10 previous errors\u001b[0m\n\n"}
{"$message_type":"diagnostic","message":"Some errors have detailed explanations: E0106, E0277, E0599.","code":null,"level":"failure-note","spans":[],"children":[],"rendered":"\u001b[1mSome errors have detailed explanations: E0106, E0277, E0599.\u001b[0m\n"}
{"$message_type":"diagnostic","message":"For more information about an error, try `rustc --explain E0106`.","code":null,"level":"failure-note","spans":[],"children":[],"rendered":"\u001b[1mFor more information about an error, try `rustc --explain E0106`.\u001b[0m\n"}
